MarcoSmilesClient/Library/Bee/Android/Prj/IL2CPP/Gradle/unityLibrary/build/intermediates/manifest_merge_blame_file/release/manifest-merger-blame-release-report.txt
1<?xml version="1.0" encoding="utf-8"?>
2<manifest xmlns:android="http://schemas.android.com/apk/res/android"
3    package="com.unity3d.player"
4    android:installLocation="auto" >
5
6    <uses-sdk android:minSdkVersion="32" />
6-->src\main\AndroidManifest.xml
7
8    <uses-permission android:name="android.permission.INTERNET" />
8-->src\main\AndroidManifest.xml:3:3-65
8-->src\main\AndroidManifest.xml:3:20-62
9    <uses-permission android:name="android.permission.ACCESS_NETWORK_STATE" />
9-->src\main\AndroidManifest.xml:4:3-77
9-->src\main\AndroidManifest.xml:4:20-74
10    <uses-permission android:name="android.permission.RECORD_AUDIO" />
10-->src\main\AndroidManifest.xml:5:3-69
10-->src\main\AndroidManifest.xml:5:20-66
11    <uses-permission android:name="android.permission.MODIFY_AUDIO_SETTINGS" />
11-->src\main\AndroidManifest.xml:6:3-78
11-->src\main\AndroidManifest.xml:6:20-75
12
13    <uses-feature
13-->src\main\AndroidManifest.xml:7:3-111
14        android:name="android.hardware.vr.headtracking"
14-->src\main\AndroidManifest.xml:7:17-64
15        android:required="true"
15-->src\main\AndroidManifest.xml:7:85-108
16        android:version="1" />
16-->src\main\AndroidManifest.xml:7:65-84
17    <uses-feature
17-->src\main\AndroidManifest.xml:8:3-90
18        android:name="android.hardware.vulkan.version"
18-->src\main\AndroidManifest.xml:8:17-63
19        android:required="true" />
19-->src\main\AndroidManifest.xml:8:64-87
20    <uses-feature
20-->src\main\AndroidManifest.xml:9:3-87
21        android:name="android.hardware.microphone"
21-->src\main\AndroidManifest.xml:9:17-59
22        android:required="false" />
22-->src\main\AndroidManifest.xml:9:60-84
23    <uses-feature
23-->src\main\AndroidManifest.xml:10:3-88
24        android:name="android.hardware.touchscreen"
24-->src\main\AndroidManifest.xml:10:17-60
25        android:required="false" />
25-->src\main\AndroidManifest.xml:10:61-85
26    <uses-feature
26-->src\main\AndroidManifest.xml:11:3-99
27        android:name="android.hardware.touchscreen.multitouch"
27-->src\main\AndroidManifest.xml:11:17-71
28        android:required="false" />
28-->src\main\AndroidManifest.xml:11:72-96
29    <uses-feature
29-->src\main\AndroidManifest.xml:12:3-108
30        android:name="android.hardware.touchscreen.multitouch.distinct"
30-->src\main\AndroidManifest.xml:12:17-80
31        android:required="false" />
31-->src\main\AndroidManifest.xml:12:81-105
32    <uses-feature
32-->src\main\AndroidManifest.xml:40:3-88
33        android:name="oculus.software.handtracking"
33-->src\main\AndroidManifest.xml:40:17-60
34        android:required="false" />
34-->src\main\AndroidManifest.xml:40:61-85
35
36    <uses-permission android:name="com.oculus.permission.HAND_TRACKING" />
36-->src\main\AndroidManifest.xml:41:3-73
36-->src\main\AndroidManifest.xml:41:20-70
37
38    <uses-feature
38-->src\main\AndroidManifest.xml:42:3-92
39        android:name="oculus.software.overlay_keyboard"
39-->src\main\AndroidManifest.xml:42:17-64
40        android:required="false" />
40-->src\main\AndroidManifest.xml:42:65-89
41
42    <uses-permission android:name="com.oculus.permission.USE_ANCHOR_API" />
42-->src\main\AndroidManifest.xml:43:3-74
42-->src\main\AndroidManifest.xml:43:20-71
43
44    <uses-feature
44-->src\main\AndroidManifest.xml:44:3-90
45        android:name="com.oculus.feature.PASSTHROUGH"
45-->src\main\AndroidManifest.xml:44:17-62
46        android:required="false" />
46-->src\main\AndroidManifest.xml:44:63-87
47    <uses-feature android:name="com.oculus.feature.RENDER_MODEL" />
47-->src\main\AndroidManifest.xml:45:3-66
47-->src\main\AndroidManifest.xml:45:17-63
48
49    <uses-permission android:name="com.oculus.permission.RENDER_MODEL" />
49-->src\main\AndroidManifest.xml:46:3-72
49-->src\main\AndroidManifest.xml:46:20-69
50
51    <uses-feature
51-->src\main\AndroidManifest.xml:47:3-95
52        android:name="com.oculus.feature.VIRTUAL_KEYBOARD"
52-->src\main\AndroidManifest.xml:47:17-67
53        android:required="false" />
53-->src\main\AndroidManifest.xml:47:68-92
54
55    <uses-permission android:name="com.oculus.permission.USE_SCENE" />
55-->src\main\AndroidManifest.xml:48:3-69
55-->src\main\AndroidManifest.xml:48:20-66
56
57    <application
57-->src\main\AndroidManifest.xml:13:3-39:17
58        android:allowBackup="false"
58-->src\main\AndroidManifest.xml:13:81-108
59        android:extractNativeLibs="true"
59-->src\main\AndroidManifest.xml:13:145-177
60        android:icon="@mipmap/app_icon"
60-->src\main\AndroidManifest.xml:13:49-80
61        android:label="@string/app_name"
61-->src\main\AndroidManifest.xml:13:16-48
62        android:networkSecurityConfig="@xml/network_sec_config"
62-->src\main\AndroidManifest.xml:13:178-233
63        android:usesCleartextTraffic="true" >
63-->src\main\AndroidManifest.xml:13:109-144
64        <meta-data
64-->src\main\AndroidManifest.xml:14:5-89
65            android:name="unityplayer.SkipPermissionsDialog"
65-->src\main\AndroidManifest.xml:14:16-64
66            android:value="false" />
66-->src\main\AndroidManifest.xml:14:65-86
67        <meta-data
67-->src\main\AndroidManifest.xml:15:5-97
68            android:name="com.samsung.android.vr.application.mode"
68-->src\main\AndroidManifest.xml:15:16-70
69            android:value="vr_only" />
69-->src\main\AndroidManifest.xml:15:71-94
70        <meta-data
70-->src\main\AndroidManifest.xml:16:5-103
71            android:name="com.oculus.ossplash.background"
71-->src\main\AndroidManifest.xml:16:16-61
72            android:value="passthrough-contextual" />
72-->src\main\AndroidManifest.xml:16:62-100
73        <meta-data
73-->src\main\AndroidManifest.xml:17:5-120
74            android:name="com.oculus.telemetry.project_guid"
74-->src\main\AndroidManifest.xml:17:16-64
75            android:value="5cc95833-f626-4473-8397-378891260d6e" />
75-->src\main\AndroidManifest.xml:17:65-117
76        <meta-data
76-->src\main\AndroidManifest.xml:18:5-108
77            android:name="com.oculus.supportedDevices"
77-->src\main\AndroidManifest.xml:18:16-58
78            android:value="quest2|questpro|quest3|quest3s" />
78-->src\main\AndroidManifest.xml:18:59-105
79        <meta-data
79-->src\main\AndroidManifest.xml:19:5-69
80            android:name="unity.splash-mode"
80-->src\main\AndroidManifest.xml:19:16-48
81            android:value="0" />
81-->src\main\AndroidManifest.xml:19:49-66
82        <meta-data
82-->src\main\AndroidManifest.xml:20:5-74
83            android:name="unity.splash-enable"
83-->src\main\AndroidManifest.xml:20:16-50
84            android:value="True" />
84-->src\main\AndroidManifest.xml:20:51-71
85        <meta-data
85-->src\main\AndroidManifest.xml:21:5-78
86            android:name="unity.launch-fullscreen"
86-->src\main\AndroidManifest.xml:21:16-54
87            android:value="True" />
87-->src\main\AndroidManifest.xml:21:55-75
88        <meta-data
88-->src\main\AndroidManifest.xml:22:5-84
89            android:name="unity.render-outside-safearea"
89-->src\main\AndroidManifest.xml:22:16-60
90            android:value="True" />
90-->src\main\AndroidManifest.xml:22:61-81
91        <meta-data
91-->src\main\AndroidManifest.xml:23:5-81
92            android:name="notch.config"
92-->src\main\AndroidManifest.xml:23:16-43
93            android:value="portrait|landscape" />
93-->src\main\AndroidManifest.xml:23:44-78
94        <meta-data
94-->src\main\AndroidManifest.xml:24:5-84
95            android:name="unity.auto-report-fully-drawn"
95-->src\main\AndroidManifest.xml:24:16-60
96            android:value="true" />
96-->src\main\AndroidManifest.xml:24:61-81
97
98        <activity
98-->src\main\AndroidManifest.xml:25:5-33:16
99            android:name="com.unity3d.player.UnityPlayerActivity"
99-->src\main\AndroidManifest.xml:25:222-275
100            android:configChanges="keyboard|keyboardHidden|navigation|orientation|screenLayout|screenSize|uiMode|density"
100-->src\main\AndroidManifest.xml:25:80-189
101            android:excludeFromRecents="true"
101-->src\main\AndroidManifest.xml:25:276-309
102            android:exported="true"
102-->src\main\AndroidManifest.xml:25:310-333
103            android:hardwareAccelerated="false"
103-->src\main\AndroidManifest.xml:25:407-442
104            android:launchMode="singleTask"
104-->src\main\AndroidManifest.xml:25:190-221
105            android:resizeableActivity="false"
105-->src\main\AndroidManifest.xml:25:372-406
106            android:screenOrientation="landscape"
106-->src\main\AndroidManifest.xml:25:334-371
107            android:theme="@android:style/Theme.Black.NoTitleBar.Fullscreen" >
107-->src\main\AndroidManifest.xml:25:15-79
108            <intent-filter>
108-->src\main\AndroidManifest.xml:26:7-30:23
109                <category android:name="android.intent.category.LAUNCHER" />
109-->src\main\AndroidManifest.xml:27:9-69
109-->src\main\AndroidManifest.xml:27:19-66
110                <category android:name="com.oculus.intent.category.VR" />
110-->src\main\AndroidManifest.xml:28:9-66
110-->src\main\AndroidManifest.xml:28:19-63
111
112                <action android:name="android.intent.action.MAIN" />
112-->src\main\AndroidManifest.xml:29:9-61
112-->src\main\AndroidManifest.xml:29:17-58
113            </intent-filter>
114
115            <meta-data
115-->src\main\AndroidManifest.xml:31:7-81
116                android:name="com.oculus.vr.focusaware"
116-->src\main\AndroidManifest.xml:31:18-57
117                android:value="true" />
117-->src\main\AndroidManifest.xml:31:58-78
118            <meta-data
118-->src\main\AndroidManifest.xml:32:7-70
119                android:name="notch_support"
119-->src\main\AndroidManifest.xml:32:18-46
120                android:value="true" />
120-->src\main\AndroidManifest.xml:32:47-67
121        </activity>
122
123        <meta-data
123-->src\main\AndroidManifest.xml:34:5-91
124            android:name="com.unity.xr.oculus.LowOverheadMode"
124-->src\main\AndroidManifest.xml:34:16-66
125            android:value="false" />
125-->src\main\AndroidManifest.xml:34:67-88
126        <meta-data
126-->src\main\AndroidManifest.xml:35:5-88
127            android:name="com.unity.xr.oculus.LateLatching"
127-->src\main\AndroidManifest.xml:35:16-63
128            android:value="false" />
128-->src\main\AndroidManifest.xml:35:64-85
129        <meta-data
129-->src\main\AndroidManifest.xml:36:5-93
130            android:name="com.unity.xr.oculus.LateLatchingDebug"
130-->src\main\AndroidManifest.xml:36:16-68
131            android:value="false" />
131-->src\main\AndroidManifest.xml:36:69-90
132        <meta-data
132-->src\main\AndroidManifest.xml:37:5-87
133            android:name="com.oculus.handtracking.frequency"
133-->src\main\AndroidManifest.xml:37:16-64
134            android:value="LOW" />
134-->src\main\AndroidManifest.xml:37:65-84
135        <meta-data
135-->src\main\AndroidManifest.xml:38:5-86
136            android:name="com.oculus.handtracking.version"
136-->src\main\AndroidManifest.xml:38:16-62
137            android:value="V2.0" />
137-->src\main\AndroidManifest.xml:38:63-83
138    </application>
139
140</manifest>